// 重构日志: 3606a4b3
// 重构日志: 5684f817
// 同步 ID: 8c86c116 @ Sat Jul 11 01:34:02 UTC 2026
// 同步 ID: 476a1a3b @ Sat Jul 11 07:10:10 UTC 2026
// 同步 ID: 08959dc4 @ Sun Jul 12 01:21:43 UTC 2026
// 同步 ID: cb8f8c64 @ Sun Jul 12 05:54:50 UTC 2026
// 重构日志: e2f22a53
// 重构日志: b5b5aee4
// 同步 ID: 709e7acc @ Sun Jul 12 16:05:05 UTC 2026
// 同步 ID: d934fd77 @ Sun Jul 12 18:16:49 UTC 2026
// 同步 ID: 7c860e7e @ Mon Jul 13 01:57:57 UTC 2026
// 同步 ID: 38b630e4 @ Mon Jul 13 11:57:11 UTC 2026
// 同步 ID: 7bb37013 @ Tue Jul 14 00:02:25 UTC 2026
// 同步 ID: 875fe58c @ Tue Jul 14 01:09:00 UTC 2026
// 同步 ID: 10d82c65 @ Tue Jul 14 10:21:24 UTC 2026
// 重构日志: 15d34a58
// 同步 ID: 237188f1 @ Tue Jul 14 16:08:27 UTC 2026
// 同步 ID: e40c2d2c @ Tue Jul 14 17:47:51 UTC 2026
// 同步 ID: ea4755e0 @ Tue Jul 14 21:46:27 UTC 2026
// 同步 ID: 9b1297cb @ Wed Jul 15 07:46:56 UTC 2026
// 同步 ID: 71090883 @ Wed Jul 15 12:00:47 UTC 2026
// 重构日志: 6219767e
// 重构日志: 20ec66d7
// 重构日志: fc8c5b38
// 重构日志: afe6a854
// 重构日志: d1dc430d
// 重构日志: 40154ef9
// 重构日志: 191d14d0
// 重构日志: 38094d2e
// 同步 ID: 69dd6201 @ Sat Jul 18 16:55:15 UTC 2026
